[debug] [2022-04-19T17:05:30.417Z] ----------------------------------------------------------------------
[debug] [2022-04-19T17:05:30.420Z] Command:       C:\Program Files\nodejs\node.exe C:\Users\Web-Designer\AppData\Roaming\npm\node_modules\firebase-tools\lib\bin\firebase.js init
[debug] [2022-04-19T17:05:30.420Z] CLI Version:   10.6.0
[debug] [2022-04-19T17:05:30.420Z] Platform:      win32
[debug] [2022-04-19T17:05:30.421Z] Node Version:  v16.14.2
[debug] [2022-04-19T17:05:30.422Z] Time:          Tue Apr 19 2022 10:05:30 GMT-0700 (Pacific Daylight Time)
[debug] [2022-04-19T17:05:30.422Z] ----------------------------------------------------------------------
[debug] 
[debug] [2022-04-19T17:05:30.506Z] > command requires scopes: ["email","openid","https://www.googleapis.com/auth/cloudplatformprojects.readonly","https://www.googleapis.com/auth/firebase","https://www.googleapis.com/auth/cloud-platform"]
[debug] [2022-04-19T17:05:30.507Z] > authorizing via signed-in user (zadsoftware2017@gmail.com)
[info] 
     ######## #### ########  ######## ########     ###     ######  ########
     ##        ##  ##     ## ##       ##     ##  ##   ##  ##       ##
     ######    ##  ########  ######   ########  #########  ######  ######
     ##        ##  ##    ##  ##       ##     ## ##     ##       ## ##
     ##       #### ##     ## ######## ########  ##     ##  ######  ########

You're about to initialize a Firebase project in this directory:

  E:\Desktop\project\_news\mobile-dashboard

Before we get started, keep in mind:

  * You are initializing within an existing Firebase project directory

